[2025-02-08T11:06:05.507Z] BOT_LOGIN_SUCCESS: {"username":"TEST#0224","startTime":"2025-02-08 11:06:04"}
[2025-02-08T11:06:08.603Z] HASH_COMMAND_RECEIVED: {"content":"!hash 1142974152731529298","commandChannelId":"1317881540176248904"}
[2025-02-08T11:06:08.609Z] HASH_CREATION_START: {"targetChannelId":"1142974152731529298","commandChannelId":"1317881540176248904"}
[2025-02-08T11:07:10.373Z] IMAGE_VALIDATION_ERROR: {"url":"https://cdn.discordapp.com/attachments/1142974152731529298/1336838373368660018/9j7kgs.gif?ex=67a7e641&is=67a694c1&hm=1aadc9a7417959e76aed543c404d1ba59a9aa0fcbb3528b086ce7ad3e1f86393&","error":"GIF images are not supported"}
[2025-02-08T11:08:13.256Z] IMAGE_VALIDATION_ERROR: {"url":"https://cdn.discordapp.com/attachments/1142974152731529298/1324025717977255996/1.gif?ex=67a816ca&is=67a6c54a&hm=e4a0e92ae7cb9c8ece2635eaf5837b255bba901f6d0e3ef4090abf987d8d9995&","error":"GIF images are not supported"}
[2025-02-08T11:08:13.256Z] IMAGE_VALIDATION_ERROR: {"url":"https://cdn.discordapp.com/attachments/1142974152731529298/1324025610120462346/512gif.gif?ex=67a816b0&is=67a6c530&hm=91dac61a03717d84efabcfeb21e987e46be294be9844fd9ff24484c59f9354bf&","error":"GIF images are not supported"}
[2025-02-08T11:08:33.330Z] IMAGE_VALIDATION_ERROR: {"url":"https://cdn.discordapp.com/attachments/1142974152731529298/1322587639148187760/20241229_003048.gif?ex=67a82179&is=67a6cff9&hm=5e612db33d7faf17d35e7e727226fb0ecbbcf08f19de4453a2d5f10a3521d71f&","error":"GIF images are not supported"}
[2025-02-08T11:10:06.791Z] IMAGE_VALIDATION_ERROR: {"url":"https://cdn.discordapp.com/attachments/1142974152731529298/1291364713321463859/gift_505.gif?ex=67a7ebdc&is=67a69a5c&hm=bbfa6fd253648155091381fa277a3509acf042b9f957a25506d74e34cc7117b8&","error":"GIF images are not supported"}
[2025-02-08T11:10:15.465Z] IMAGE_VALIDATION_ERROR: {"url":"https://cdn.discordapp.com/attachments/1142974152731529298/1283949946495827988/1b3bb76b6ff185b640dff3ee6c37cdec.gif?ex=67a7f911&is=67a6a791&hm=19503a89d4e47f91d0db316cfb8bc6ff40f6f565662692b4cc9cf1c90b891f11&","error":"GIF images are not supported"}
[2025-02-08T11:10:33.319Z] IMAGE_VALIDATION_ERROR: {"url":"https://cdn.discordapp.com/attachments/1142974152731529298/1277083791873282048/mematicMeme.gif?ex=67a80af7&is=67a6b977&hm=6d93c18d85440c35548bf73a1ba04fc55db6637e2b2f20e28ede58f1a75ca99e&","error":"GIF images are not supported"}
[2025-02-08T11:10:35.450Z] IMAGE_VALIDATION_ERROR: {"url":"https://cdn.discordapp.com/attachments/1142974152731529298/1276062604845907979/memix-spongebob-clap_1.gif?ex=67a84869&is=67a6f6e9&hm=4abb6943968e85af6e9c3f4ae0700266a2b3dbdce4846a7c024fd84d3de80174&","error":"GIF images are not supported"}
[2025-02-08T11:10:38.278Z] IMAGE_VALIDATION_ERROR: {"url":"https://cdn.discordapp.com/attachments/1142974152731529298/1275058454515683389/meme_3.gif?ex=67a7ecf8&is=67a69b78&hm=d273f36536fd7839dc8d052c02e39c81c1bb447d151599cc52a9ec93c1c9ed17&","error":"GIF images are not supported"}
[2025-02-08T11:10:44.297Z] IMAGE_VALIDATION_ERROR: {"url":"https://cdn.discordapp.com/attachments/1142974152731529298/1273357609512079360/45493146.gif?ex=67a8546f&is=67a702ef&hm=92345f933adca2c8851d9aae5004f30eb31ab8d9ab82cc1569861fe9eb9ff4a9&","error":"GIF images are not supported"}
[2025-02-08T11:10:46.092Z] IMAGE_VALIDATION_ERROR: {"url":"https://cdn.discordapp.com/attachments/1142974152731529298/1273143423083479094/GifMeme_14082024125555.gif?ex=67a835b5&is=67a6e435&hm=a7103da79a099ea7f58d8bfb8216d3f0159f600cef1687cf569e2104594e2e9e&","error":"GIF images are not supported"}
[2025-02-08T11:10:46.093Z] IMAGE_VALIDATION_ERROR: {"url":"https://cdn.discordapp.com/attachments/1142974152731529298/1273126796107190322/908k43.gif?ex=67a82639&is=67a6d4b9&hm=864e4df58331ec7988dab511b5b8a880de30620a37045adc175d688d3b07c733&","error":"GIF images are not supported"}
[2025-02-08T11:10:46.429Z] IMAGE_VALIDATION_ERROR: {"url":"https://cdn.discordapp.com/attachments/1142974152731529298/1272736540375781489/9042u8.gif?ex=67a80c45&is=67a6bac5&hm=76975a4b576d787ca58acc756d4f9eff7cc43b04cb8d05fb10f3dbe9e5fe45a0&","error":"GIF images are not supported"}
[2025-02-08T11:10:50.288Z] IMAGE_VALIDATION_ERROR: {"url":"https://cdn.discordapp.com/attachments/1142974152731529298/1271780927173033984/mematicMeme.gif?ex=67a886c9&is=67a73549&hm=5ebb06b9df585b5df4af044e20ee7f11a2eaf5d3766522fb59f899c3215ed1a6&","error":"GIF images are not supported"}
[2025-02-08T11:10:52.718Z] IMAGE_VALIDATION_ERROR: {"url":"https://cdn.discordapp.com/attachments/1142974152731529298/1271363424701517845/memix-bad-guys-tv_1.gif?ex=67a85375&is=67a701f5&hm=6aa828e88a6f29d0a37eda7b6edbe68b05f959ea4b1f73a5d8ed706182f64bc7&","error":"GIF images are not supported"}
[2025-02-08T11:10:53.501Z] IMAGE_VALIDATION_ERROR: {"url":"https://cdn.discordapp.com/attachments/1142974152731529298/1271148982650798203/457847127.gif?ex=67a8347e&is=67a6e2fe&hm=f818d2ceac3d2a0e80851de34cad885c958686926fba14e9d42d5cb0509638ec&","error":"GIF images are not supported"}
[2025-02-08T11:10:54.501Z] IMAGE_VALIDATION_ERROR: {"url":"https://cdn.discordapp.com/attachments/1142974152731529298/1271012191637737492/memix-the-prestige-reveal_1.gif?ex=67a85dd8&is=67a70c58&hm=98804c7096ef97e6d3c4f8ebd24d2c1aaeb6388d94fab25c5d2a03bc7954d86f&","error":"GIF images are not supported"}
[2025-02-08T11:10:54.805Z] IMAGE_VALIDATION_ERROR: {"url":"https://cdn.discordapp.com/attachments/1142974152731529298/1270949488424648835/54541r94539.gif?ex=67a82373&is=67a6d1f3&hm=84178772e3c4b6eb229d53513ebec14730d88c15d01759de105cf59c46e07049&","error":"GIF images are not supported"}
[2025-02-08T11:10:54.954Z] IMAGE_VALIDATION_ERROR: {"url":"https://cdn.discordapp.com/attachments/1142974152731529298/1270941368503504937/mematicMeme.gif?ex=67a81be3&is=67a6ca63&hm=4eed6734bd449878a44851d2f0224e87f856c96e156ea754e72befadf0009a3c&","error":"GIF images are not supported"}
[2025-02-08T11:10:54.955Z] IMAGE_VALIDATION_ERROR: {"url":"https://cdn.discordapp.com/attachments/1142974152731529298/1270840054503444592/451132752.gif?ex=67a86648&is=67a714c8&hm=ea914e7b46f55c0c36d82992dc10273be6d6efbfbe63588612d74e50d6a8a1b2&","error":"GIF images are not supported"}
[2025-02-08T11:10:56.456Z] IMAGE_VALIDATION_ERROR: {"url":"https://cdn.discordapp.com/attachments/1142974152731529298/1270736847244492943/4541171392.gif?ex=67a80629&is=67a6b4a9&hm=6669570ce5eb9cb737c93bf3730b3144f12109df8c25fe7ddc43981d832b0ad7&","error":"GIF images are not supported"}
[2025-02-08T11:10:56.522Z] IMAGE_VALIDATION_ERROR: {"url":"https://cdn.discordapp.com/attachments/1142974152731529298/1270725991177781349/8yanmm.gif?ex=67a7fc0d&is=67a6aa8d&hm=527364108db9214de455f9e645ce06d04ee1d1fa1151fc7a4615d551fbfc2fdc&","error":"GIF images are not supported"}
[2025-02-08T11:10:57.463Z] IMAGE_VALIDATION_ERROR: {"url":"https://cdn.discordapp.com/attachments/1142974152731529298/1270694291366219876/Botanix_1.gif?ex=67a88747&is=67a735c7&hm=35c8876a49408693455ec7359ea365ed526d27cf384998c9bd4c78d0734b4480&","error":"GIF images are not supported"}
[2025-02-08T11:10:59.141Z] IMAGE_VALIDATION_ERROR: {"url":"https://cdn.discordapp.com/attachments/1142974152731529298/1270509948467679345/541183785.gif?ex=67a88458&is=67a732d8&hm=1d9e20f9e1f9f5a4f8f5c4121ae40e554ff5fd9d3df3db8c3875f56deb182fbc&","error":"GIF images are not supported"}
[2025-02-08T11:11:02.636Z] IMAGE_VALIDATION_ERROR: {"url":"https://cdn.discordapp.com/attachments/1142974152731529298/1270260274602971199/memix-bob-burgers-banner_1_1.gif?ex=67a84491&is=67a6f311&hm=5afc494298db195f8c4fcbef964749158dedb70292f977252f2044c8f65d3dc4&","error":"GIF images are not supported"}
[2025-02-08T11:11:04.010Z] IMAGE_VALIDATION_ERROR: {"url":"https://cdn.discordapp.com/attachments/1142974152731529298/1270078361066278963/45493146.gif?ex=67a843e6&is=67a6f266&hm=2ac0b23271057137f13af37a48b5010e446bd74e956e53982ca1da38490b8880&","error":"GIF images are not supported"}
[2025-02-08T11:11:04.214Z] IMAGE_VALIDATION_ERROR: {"url":"https://cdn.discordapp.com/attachments/1142974152731529298/1270063837059485847/787r08585.gif?ex=67a8365f&is=67a6e4df&hm=08d323d31b01ff2f8362147e9deaa105bbd9c46fd65645a32466e4b9bfadfe1b&","error":"GIF images are not supported"}
[2025-02-08T11:11:04.215Z] IMAGE_VALIDATION_ERROR: {"url":"https://cdn.discordapp.com/attachments/1142974152731529298/1270047479949426769/7785419724.gif?ex=67a82723&is=67a6d5a3&hm=e9b155e94131724e01d1c4857f61841c09848cb9d4b3675e5e9c1aebcf884831&","error":"GIF images are not supported"}
[2025-02-08T11:11:04.215Z] IMAGE_VALIDATION_ERROR: {"url":"https://cdn.discordapp.com/attachments/1142974152731529298/1270035911794757653/5457r28540.gif?ex=67a81c5d&is=67a6cadd&hm=89351038a4c41d4f26db3f14d580c27c5e342827de9fdb66a1db6d8e9c5ee94d&","error":"GIF images are not supported"}
[2025-02-08T11:11:04.215Z] IMAGE_VALIDATION_ERROR: {"url":"https://cdn.discordapp.com/attachments/1142974152731529298/1270025816616734740/5454539649.gif?ex=67a812f6&is=67a6c176&hm=0250e3fdfacce0c783a8ed1213091e0fc2590b8696c42c21e2ec958c13ffee73&","error":"GIF images are not supported"}
[2025-02-08T11:11:04.216Z] IMAGE_VALIDATION_ERROR: {"url":"https://cdn.discordapp.com/attachments/1142974152731529298/1270021639979139155/545412r58478.gif?ex=67a80f12&is=67a6bd92&hm=27a9b17ad8fe8287a7318030444cd8019e68d5ae9beaace774c77ac2144e165c&","error":"GIF images are not supported"}
[2025-02-08T11:11:04.469Z] IMAGE_VALIDATION_ERROR: {"url":"https://cdn.discordapp.com/attachments/1142974152731529298/1270013960719958047/54541r94539.gif?ex=67a807eb&is=67a6b66b&hm=377a9ece55316d18bf0c361e04c16e548f5f96768afc0d85836bf19267bd42cf&","error":"GIF images are not supported"}
[2025-02-08T11:11:06.840Z] IMAGE_VALIDATION_ERROR: {"url":"https://cdn.discordapp.com/attachments/1142974152731529298/1269722816765235241/454133436.gif?ex=67a84a45&is=67a6f8c5&hm=69386dd12081f705b5399158c5c1e018b42b8fb709f796a4b0d629b5640725cc&","error":"GIF images are not supported"}
[2025-02-08T11:11:07.069Z] IMAGE_VALIDATION_ERROR: {"url":"https://cdn.discordapp.com/attachments/1142974152731529298/1269681433606099035/454147003.gif?ex=67a823bb&is=67a6d23b&hm=c5115fa290ab45f0c83a93cd9840bd8fa70b39e215b33c41c3dd0fdde5e24ab2&","error":"GIF images are not supported"}
[2025-02-08T11:11:07.069Z] IMAGE_VALIDATION_ERROR: {"url":"https://cdn.discordapp.com/attachments/1142974152731529298/1269679716118302760/541155720.gif?ex=67a82221&is=67a6d0a1&hm=01e63d6eb53b95be0df45248f459fb8553972aa053f5287c65f8b803f8e05ef4&","error":"GIF images are not supported"}
[2025-02-08T11:11:07.278Z] IMAGE_VALIDATION_ERROR: {"url":"https://cdn.discordapp.com/attachments/1142974152731529298/1269629760560959559/8z8ccv.gif?ex=67a7f39b&is=67a6a21b&hm=2c092e8b6c235df09db1e8e9d99a5d5e6c4c51268f01b809db8d4fd24e2072cf&","error":"GIF images are not supported"}
[2025-02-08T11:11:07.278Z] IMAGE_VALIDATION_ERROR: {"url":"https://cdn.discordapp.com/attachments/1142974152731529298/1269555635696046120/memix-rohit-sharma-phone_2.gif?ex=67a85752&is=67a705d2&hm=588719ad74c266a5c187592c84ca17d59cb0a6bca22845ec5826e5e16403d250&","error":"GIF images are not supported"}
[2025-02-08T11:11:07.560Z] IMAGE_VALIDATION_ERROR: {"url":"https://cdn.discordapp.com/attachments/1142974152731529298/1269384035613020234/3541r68579.gif?ex=67a86042&is=67a70ec2&hm=f7cb472297a256e18f0cea349755ad10d5b7f1b73ddc8165df819b3ee4ed9372&","error":"GIF images are not supported"}
[2025-02-08T11:11:07.760Z] IMAGE_VALIDATION_ERROR: {"url":"https://cdn.discordapp.com/attachments/1142974152731529298/1269352040065404928/45411r84701.gif?ex=67a84275&is=67a6f0f5&hm=45caa604f086b8cd1bdf806549de725a286eeffaca71b4f7933a2b47fdbb1a84&","error":"GIF images are not supported"}
[2025-02-08T11:11:08.165Z] IMAGE_VALIDATION_ERROR: {"url":"https://cdn.discordapp.com/attachments/1142974152731529298/1269309184290066526/44113011.gif?ex=67a81a8c&is=67a6c90c&hm=506d3c206f384f273f024223e01d5636e12af193819f273495292d1e8e4b99fa&","error":"GIF images are not supported"}
[2025-02-08T11:11:10.506Z] IMAGE_VALIDATION_ERROR: {"url":"https://cdn.discordapp.com/attachments/1142974152731529298/1269184347026755614/memix-modern-family-proud_1.gif?ex=67a84f08&is=67a6fd88&hm=88ac35b711372eed4d3874f03ee4d25c3f86a7d32df22f94de9b3b9e377527eb&","error":"GIF images are not supported"}
[2025-02-08T11:11:10.562Z] IMAGE_VALIDATION_ERROR: {"url":"https://cdn.discordapp.com/attachments/1142974152731529298/1269086408249839689/411116369.gif?ex=67a7f3d2&is=67a6a252&hm=ffada51830cc47d306310e8f10a3d3b1b7a81399fc05581098c5df2bcc5ba8dd&","error":"GIF images are not supported"}
[2025-02-08T11:11:10.562Z] IMAGE_VALIDATION_ERROR: {"url":"https://cdn.discordapp.com/attachments/1142974152731529298/1269070327594618930/1545r27876.gif?ex=67a7e4d8&is=67a69358&hm=59d6d3cdc339192598a123a0dae9c4789e1287a4e98d75ed2e89302e0a8253a2&","error":"GIF images are not supported"}
[2025-02-08T11:11:10.665Z] IMAGE_VALIDATION_ERROR: {"url":"https://cdn.discordapp.com/attachments/1142974152731529298/1269062390754840646/4478736310.gif?ex=67a88633&is=67a734b3&hm=04b657d4ff5bca56af6ee643fdb6b19366fec01948a474b7ea8d65000550f4e7&","error":"GIF images are not supported"}
[2025-02-08T11:11:10.666Z] IMAGE_VALIDATION_ERROR: {"url":"https://cdn.discordapp.com/attachments/1142974152731529298/1269046638270349434/457847127.gif?ex=67a87788&is=67a72608&hm=c75cbc3616ad7e2e98717edecb414edd7943cbb43479daa8195b8ab99c9a862c&","error":"GIF images are not supported"}
[2025-02-08T11:11:10.666Z] IMAGE_VALIDATION_ERROR: {"url":"https://cdn.discordapp.com/attachments/1142974152731529298/1269025854684528690/memix-nice-view-celebrate_2.gif?ex=67a8642d&is=67a712ad&hm=3c1d4abfbd63e96de2b019278849a5ccdc1731cc07409c1777da887aa887bb83&","error":"GIF images are not supported"}
[2025-02-08T11:11:10.667Z] IMAGE_VALIDATION_ERROR: {"url":"https://cdn.discordapp.com/attachments/1142974152731529298/1269021518352879711/547757354.gif?ex=67a86023&is=67a70ea3&hm=57590504e73aaae2ba794269c83bcaa09ec367783eeb4c71dd6f8e3f91fe2c71&","error":"GIF images are not supported"}
[2025-02-08T11:11:10.667Z] IMAGE_VALIDATION_ERROR: {"url":"https://cdn.discordapp.com/attachments/1142974152731529298/1269017643592192071/4577r65769.gif?ex=67a85c87&is=67a70b07&hm=1c22131eecc657361da2f27955a6ed58e4a3cb05320520c87c4587e9d0f7b868&","error":"GIF images are not supported"}
[2025-02-08T11:11:10.667Z] IMAGE_VALIDATION_ERROR: {"url":"https://cdn.discordapp.com/attachments/1142974152731529298/1269013308527214643/454r74886.gif?ex=67a8587d&is=67a706fd&hm=74a520f2918cdd989bb749d46a52ad350dbdade0ff294cd0c7f7e2bd67e44023&","error":"GIF images are not supported"}
[2025-02-08T11:11:10.811Z] IMAGE_VALIDATION_ERROR: {"url":"https://cdn.discordapp.com/attachments/1142974152731529298/1269004759285633077/4511r84851.gif?ex=67a85087&is=67a6ff07&hm=d9c29439fbcd5c9f22cebc8e6b44808f6ef1213f94fd641207c8bec03b58596d&","error":"GIF images are not supported"}
[2025-02-08T11:11:11.663Z] IMAGE_VALIDATION_ERROR: {"url":"https://cdn.discordapp.com/attachments/1142974152731529298/1268999867754086451/4541196048.gif?ex=67a84bf9&is=67a6fa79&hm=a5a81b2f0ff15e960d4057beefe0fd5f11e95c065088e91b765c61fbcafc3673&","error":"GIF images are not supported"}
[2025-02-08T11:11:14.127Z] IMAGE_VALIDATION_ERROR: {"url":"https://cdn.discordapp.com/attachments/1142974152731529298/1268986656258523177/451105325.gif?ex=67a83fab&is=67a6ee2b&hm=629f3a9b6f8e43af767b9d91ca978fc3fe13381b7cd518448cd92d5eff7210d0&","error":"GIF images are not supported"}
[2025-02-08T11:11:14.127Z] IMAGE_VALIDATION_ERROR: {"url":"https://cdn.discordapp.com/attachments/1142974152731529298/1268973222766973008/451217081.gif?ex=67a83328&is=67a6e1a8&hm=0e358564cff583a897822208b3e1fc7d57163aa1b93e19feb68be337645bb25f&","error":"GIF images are not supported"}
[2025-02-08T11:11:14.391Z] IMAGE_VALIDATION_ERROR: {"url":"https://cdn.discordapp.com/attachments/1142974152731529298/1268940355688992849/451132752.gif?ex=67a8148c&is=67a6c30c&hm=4973310a4a586082c94f83f41eef25c70c47795ee5b391750bede6d83a1c0e18&","error":"GIF images are not supported"}
[2025-02-08T11:11:14.598Z] IMAGE_VALIDATION_ERROR: {"url":"https://cdn.discordapp.com/attachments/1142974152731529298/1268935129334681731/45555442.gif?ex=67a80fae&is=67a6be2e&hm=96d4af20584944ec179dc029531e4a7ab081c8583e3bc62f616061e49d2f0314&","error":"GIF images are not supported"}
[2025-02-08T11:11:14.751Z] IMAGE_VALIDATION_ERROR: {"url":"https://cdn.discordapp.com/attachments/1142974152731529298/1268927044218257459/121er64145.gif?ex=67a80826&is=67a6b6a6&hm=3ce6065e449a7cb391c891a215181da48bd48ed04c74fe3b53248351ce93ae73&","error":"GIF images are not supported"}
[2025-02-08T11:11:14.751Z] IMAGE_VALIDATION_ERROR: {"url":"https://cdn.discordapp.com/attachments/1142974152731529298/1268923235609870446/4541171392.gif?ex=67a8049a&is=67a6b31a&hm=7412538e8777dcd3ab263a7edd5133c499b1e648777865d68c6f0e8186b86d4a&","error":"GIF images are not supported"}
[2025-02-08T11:11:18.671Z] IMAGE_VALIDATION_ERROR: {"url":"https://cdn.discordapp.com/attachments/1142974152731529298/1268753967140307044/541183785.gif?ex=67a80fb6&is=67a6be36&hm=a07db3ce9228b329697344e9dc8b0ae5fef13d26a898e8ba481c7a257ae4f855&","error":"GIF images are not supported"}
[2025-02-08T11:11:18.923Z] IMAGE_VALIDATION_ERROR: {"url":"https://cdn.discordapp.com/attachments/1142974152731529298/1268683373333708900/55hh61297.gif?ex=67a876b7&is=67a72537&hm=99a483ff7205576b613eb3625233ebb62386202b7d49acab3c5c88d9470c7d0a&","error":"GIF images are not supported"}
[2025-02-08T11:11:31.278Z] IMAGE_VALIDATION_ERROR: {"url":"https://cdn.discordapp.com/attachments/1142974152731529298/1268446161803542538/InShot_20240801_074932550.gif?ex=67a8428b&is=67a6f10b&hm=cff320603e3c9207eaf541f9cb4ee5174a947ada77a2a4327c313b7153a241ed&","error":"GIF images are not supported"}
[2025-02-08T11:11:36.167Z] IMAGE_VALIDATION_ERROR: {"url":"https://cdn.discordapp.com/attachments/1142974152731529298/1268103565738643478/memix-fist-fight-banner_2_2.gif?ex=67a854fa&is=67a7037a&hm=9939496a120f0f3ac5ddf46781e0a3ecda4eb86676ade78d3e0b06b901554b2b&","error":"GIF images are not supported"}
[2025-02-08T11:11:36.168Z] IMAGE_VALIDATION_ERROR: {"url":"https://cdn.discordapp.com/attachments/1142974152731529298/1268101588560646346/memix-raya-yes_1.gif?ex=67a85322&is=67a701a2&hm=51bc1f7e4209ce5d5b9c4748ac86e8a42059df8fb582c291a55023be75fcda4d&","error":"GIF images are not supported"}
[2025-02-08T11:11:38.527Z] IMAGE_VALIDATION_ERROR: {"url":"https://cdn.discordapp.com/attachments/1142974152731529298/1267735585448132639/memix-thor-hela_2.gif?ex=67a84fc4&is=67a6fe44&hm=4b6d00a2c855ac99f15f4fee172cc6265e3ca55d4cb0b5405f131c223b4fd25a&","error":"GIF images are not supported"}
[2025-02-08T11:11:41.229Z] IMAGE_VALIDATION_ERROR: {"url":"https://cdn.discordapp.com/attachments/1142974152731529298/1267418088320663635/memix-khamzat-chimaev-cap_2_1.gif?ex=67a87993&is=67a72813&hm=16b79f737340ad24c1d31d7cbbf8032ea73d7aa0d4c738da31b1140a31f1d33e&","error":"GIF images are not supported"}
[2025-02-08T11:11:41.673Z] IMAGE_VALIDATION_ERROR: {"url":"https://cdn.discordapp.com/attachments/1142974152731529298/1267158270146117743/8ykczd.gif?ex=67a8305a&is=67a6deda&hm=22af5cb2733093cb37be0550c0a1f1105770167300c962b4ec1f7f9a8c0552e6&","error":"GIF images are not supported"}
[2025-02-08T11:11:42.632Z] IMAGE_VALIDATION_ERROR: {"url":"https://cdn.discordapp.com/attachments/1142974152731529298/1267011846498553907/memix-akshay-kumar-shirt_2_1.gif?ex=67a850bc&is=67a6ff3c&hm=b3ab8e2b03aa0f4477b5503db00d998a61bdbf4bf927dc69b604c5235296102d&","error":"GIF images are not supported"}
[2025-02-08T11:11:45.505Z] IMAGE_VALIDATION_ERROR: {"url":"https://cdn.discordapp.com/attachments/1142974152731529298/1266461675096248381/memix-akshay-kumar-underwear_2_1.gif?ex=67a84a99&is=67a6f919&hm=60b3a9c46c8f9aab95c61ddfc00d99a38db3493f19ff63477efc428b246a82c0&","error":"GIF images are not supported"}
[2025-02-08T11:12:04.659Z] IMAGE_VALIDATION_ERROR: {"url":"https://cdn.discordapp.com/attachments/1142974152731529298/1264735220158959627/444860731029201.gif?ex=67a7f176&is=67a69ff6&hm=eeae6a491f6fdf591c321f507d00d6ca7da24d10361dca8a94a09c11a7a047ab&","error":"GIF images are not supported"}
[2025-02-08T11:12:16.357Z] IMAGE_VALIDATION_ERROR: {"url":"https://cdn.discordapp.com/attachments/1142974152731529298/1263243454901649481/memix-pnr-banner_2.gif?ex=67a872e5&is=67a72165&hm=d7bc8290769237b0e9eec2e51a1a7d9650a30bcbd3a0654c62c880deb3ff96f0&","error":"GIF images are not supported"}
[2025-02-08T11:12:21.279Z] IMAGE_VALIDATION_ERROR: {"url":"https://cdn.discordapp.com/attachments/1142974152731529298/1262645611509977198/8x4q8y.gif?ex=67a8405c&is=67a6eedc&hm=96c4ef9477532b67dc0124cf129fb93e21acf1e6300556ba4d638397f64403a0&","error":"GIF images are not supported"}
[2025-02-08T11:12:21.279Z] IMAGE_VALIDATION_ERROR: {"url":"https://cdn.discordapp.com/attachments/1142974152731529298/1262620024632377384/giffr_504.gif?ex=67a82888&is=67a6d708&hm=ae33dbfdacc6a260c057f49f583fdf06d76e8957a433899947b42ca9133d543c&","error":"GIF images are not supported"}
[2025-02-08T11:12:34.929Z] IMAGE_VALIDATION_ERROR: {"url":"https://cdn.discordapp.com/attachments/1142974152731529298/1261186699380260884/meme506.gif?ex=67a837a4&is=67a6e624&hm=66dfe93c1965376e0dd56422982d2a09c6d51e045f42cbf453b82da4d1480cf4&","error":"GIF images are not supported"}
[2025-02-08T11:12:37.664Z] IMAGE_VALIDATION_ERROR: {"url":"https://cdn.discordapp.com/attachments/1142974152731529298/1260868476852109403/memix-sat-c-jury_1.gif?ex=67a860c6&is=67a70f46&hm=356804a8dde5b34d1ca38c813315120fb1855bef6f96899901ef5089423011cf&","error":"GIF images are not supported"}
[2025-02-08T11:12:42.517Z] IMAGE_VALIDATION_ERROR: {"url":"https://cdn.discordapp.com/attachments/1142974152731529298/1260431673581895742/gift_507.gif?ex=67a81b78&is=67a6c9f8&hm=8e5f9fa28da6fd2ee806cb85d1fa57b40efe97939334e5806817b36f5434789d&","error":"GIF images are not supported"}
